Using pre-set license
Built from '2020.3/release' branch; Version is '2020.3.7f1 (dd97f2c94397) revision 14522354'; Using compiler version '192528614'; Build Type 'Release'
OS: 'Windows 10 Home; OS build 19044.1889; Version 2009; 64bit' Language: 'pt' Physical Memory: 32699 MB
BatchMode: 1, IsHumanControllingUs: 0, StartBugReporterOnCrash: 0, Is64bit: 1, IsPro: 0

 COMMAND LINE ARGUMENTS:
F:\Program Files\Unity\Hub\Editor\2020.3.7f1\Editor\Unity.exe
-adb2
-batchMode
-noUpm
-name
AssetImportWorker0
-projectPath
F:/Documentos/UnityProjects/rune-memory/rune-memorys-norse/rune-memory
-logFile
Logs/AssetImportWorker0.log
-srvPort
61314
Successfully changed project path to: F:/Documentos/UnityProjects/rune-memory/rune-memorys-norse/rune-memory
F:/Documentos/UnityProjects/rune-memory/rune-memorys-norse/rune-memory
Using Asset Import Pipeline V2.
Refreshing native plugins compatible for Editor in 96.99 ms, found 1 plugins.
Preloading 0 native plugins for Editor in 0.00 ms.
Initialize engine version: 2020.3.7f1 (dd97f2c94397)
[Subsystems] Discovering subsystems at path F:/Program Files/Unity/Hub/Editor/2020.3.7f1/Editor/Data/Resources/UnitySubsystems
[Subsystems] Discovering subsystems at path F:/Documentos/UnityProjects/rune-memory/rune-memorys-norse/rune-memory/Assets
GfxDevice: creating device client; threaded=0
Direct3D:
    Version:  Direct3D 11.0 [level 11.1]
    Renderer: NVIDIA GeForce GTX 1660 SUPER (ID=0x21c4)
    Vendor:   
    VRAM:     5991 MB
    Driver:   31.0.15.1640
Initialize mono
Mono path[0] = 'F:/Program Files/Unity/Hub/Editor/2020.3.7f1/Editor/Data/Managed'
Mono path[1] = 'F:/Program Files/Unity/Hub/Editor/2020.3.7f1/Editor/Data/MonoBleedingEdge/lib/mono/unityjit'
Mono config path = 'F:/Program Files/Unity/Hub/Editor/2020.3.7f1/Editor/Data/MonoBleedingEdge/etc'
Using monoOptions --debugger-agent=transport=dt_socket,embedding=1,server=y,suspend=n,address=127.0.0.1:56064
Begin MonoManager ReloadAssembly
Registering precompiled unity dll's ...
Register platform support module: F:/Program Files/Unity/Hub/Editor/2020.3.7f1/Editor/Data/PlaybackEngines/WebGLSupport/UnityEditor.WebGL.Extensions.dll
Register platform support module: F:/Program Files/Unity/Hub/Editor/2020.3.7f1/Editor/Data/PlaybackEngines/WindowsStandaloneSupport/UnityEditor.WindowsStandalone.Extensions.dll
Register platform support module: F:/Program Files/Unity/Hub/Editor/2020.3.7f1/Editor/Data/PlaybackEngines/LinuxStandaloneSupport/UnityEditor.LinuxStandalone.Extensions.dll
Registered in 0.006336 seconds.
Native extension for LinuxStandalone target not found
Native extension for WindowsStandalone target not found
Native extension for WebGL target not found
Refreshing native plugins compatible for Editor in 81.18 ms, found 1 plugins.
Preloading 0 native plugins for Editor in 0.00 ms.
Mono: successfully reloaded assembly
- Completed reload, in  3.914 seconds
Platform modules already initialized, skipping
Registering precompiled user dll's ...
Registered in 0.006901 seconds.
Begin MonoManager ReloadAssembly
Native extension for LinuxStandalone target not found
Native extension for WindowsStandalone target not found
Native extension for WebGL target not found
Refreshing native plugins compatible for Editor in 77.06 ms, found 1 plugins.
Preloading 0 native plugins for Editor in 0.00 ms.
Mono: successfully reloaded assembly
- Completed reload, in  1.126 seconds
Platform modules already initialized, skipping
========================================================================
Worker process is ready to serve import requests
Launched and connected shader compiler UnityShaderCompiler.exe after 0.09 seconds
Refreshing native plugins compatible for Editor in 0.91 ms, found 1 plugins.
Preloading 0 native plugins for Editor in 0.00 ms.
Unloading 2791 Unused Serialized files (Serialized files now loaded: 0)
System memory in use before: 117.0 MB.
System memory in use after: 117.1 MB.

Unloading 58 unused Assets to reduce memory usage. Loaded Objects now: 3206.
Total: 2.512000 ms (FindLiveObjects: 0.350100 ms CreateObjectMapping: 0.096500 ms MarkObjects: 1.936800 ms  DeleteObjects: 0.127200 ms)

========================================================================
Received Import Request.
  path: Assets/Sprites/DALLE2/Icons/DALL路E 2022-08-25 21.05.13 - treasure chest, digital painting style art, game user interface.png
  artifactKey: Guid(f8077f95925308d4ea3f80cc23f93701) Importer(815301076,1909f56bfc062723c751e8b465ee728b)
Start importing Assets/Sprites/DALLE2/Icons/DALL路E 2022-08-25 21.05.13 - treasure chest, digital painting style art, game user interface.png using Guid(f8077f95925308d4ea3f80cc23f93701) Importer(815301076,1909f56bfc062723c751e8b465ee728b)  -> (artifact id: '66a8925597a60e639437857a0c2c789d') in 0.168411 seconds
  Import took 0.172856 seconds .

========================================================================
Received Import Request.
  Time since last request: 408.370203 seconds.
  path: Assets/Font/Norsebold.otf
  artifactKey: Guid(e2f73db797c288d4e9737c3255bf9aab) Importer(815301076,1909f56bfc062723c751e8b465ee728b)
Start importing Assets/Font/Norsebold.otf using Guid(e2f73db797c288d4e9737c3255bf9aab) Importer(815301076,1909f56bfc062723c751e8b465ee728b)  -> (artifact id: '3570f6e6732b6373a86f61a38baa1efe') in 0.053639 seconds
  Import took 0.058524 seconds .

========================================================================
Received Import Request.
  Time since last request: 116.422436 seconds.
  path: Assets/Sprites/DALLE2/splash/DALL路E 2022-08-27 19.11.53 - cthulhu astronaut cartoon cute logo.png
  artifactKey: Guid(54123981b4cea884090930a7750033d5) Importer(815301076,1909f56bfc062723c751e8b465ee728b)
Start importing Assets/Sprites/DALLE2/splash/DALL路E 2022-08-27 19.11.53 - cthulhu astronaut cartoon cute logo.png using Guid(54123981b4cea884090930a7750033d5) Importer(815301076,1909f56bfc062723c751e8b465ee728b)  -> (artifact id: '604cc5a539eb6caafaf3ce9fc1e4192d') in 0.029195 seconds
  Import took 0.033550 seconds .

========================================================================
Received Prepare
Registering precompiled user dll's ...
Registered in 0.006360 seconds.
Begin MonoManager ReloadAssembly
Native extension for LinuxStandalone target not found
Native extension for WindowsStandalone target not found
Native extension for WebGL target not found
Refreshing native plugins compatible for Editor in 0.93 ms, found 1 plugins.
Preloading 0 native plugins for Editor in 0.00 ms.
Mono: successfully reloaded assembly
- Completed reload, in  1.025 seconds
Platform modules already initialized, skipping
Switching build target platform(5) subTarget(0) extendedPlatform(0) -> platform(13) subTarget(537395200) extendedPlatform(0)
Refreshing native plugins compatible for Editor in 0.91 ms, found 1 plugins.
Preloading 0 native plugins for Editor in 0.00 ms.
Unloading 2776 Unused Serialized files (Serialized files now loaded: 0)
System memory in use before: 119.2 MB.
System memory in use after: 119.3 MB.

Unloading 44 unused Assets to reduce memory usage. Loaded Objects now: 3256.
Total: 2.632200 ms (FindLiveObjects: 0.339200 ms CreateObjectMapping: 0.076800 ms MarkObjects: 2.099600 ms  DeleteObjects: 0.115800 ms)

AssetImportParameters requested are different than current active one (requested -> active):
  custom:graphics/normal-map-encoding: 01000000000000000000000000000000 -> 02000000000000000000000000000000
========================================================================
Received Prepare
Registering precompiled user dll's ...
Registered in 0.006092 seconds.
Begin MonoManager ReloadAssembly
Native extension for LinuxStandalone target not found
Native extension for WindowsStandalone target not found
Native extension for WebGL target not found
Refreshing native plugins compatible for Editor in 0.90 ms, found 1 plugins.
Preloading 0 native plugins for Editor in 0.00 ms.
Mono: successfully reloaded assembly
- Completed reload, in  1.076 seconds
Platform modules already initialized, skipping
Switching build target platform(5) subTarget(0) extendedPlatform(0) -> platform(13) subTarget(537395200) extendedPlatform(0)
Refreshing native plugins compatible for Editor in 0.90 ms, found 1 plugins.
Preloading 0 native plugins for Editor in 0.00 ms.
Unloading 2776 Unused Serialized files (Serialized files now loaded: 0)
System memory in use before: 119.3 MB.
System memory in use after: 119.4 MB.

Unloading 44 unused Assets to reduce memory usage. Loaded Objects now: 3260.
Total: 2.695400 ms (FindLiveObjects: 0.387100 ms CreateObjectMapping: 0.079600 ms MarkObjects: 2.104100 ms  DeleteObjects: 0.123600 ms)

AssetImportParameters requested are different than current active one (requested -> active):
  custom:graphics/normal-map-encoding: 01000000000000000000000000000000 -> 02000000000000000000000000000000
========================================================================
Received Prepare
Registering precompiled user dll's ...
Registered in 0.006258 seconds.
Begin MonoManager ReloadAssembly
Native extension for LinuxStandalone target not found
Native extension for WindowsStandalone target not found
Native extension for WebGL target not found
Refreshing native plugins compatible for Editor in 0.90 ms, found 1 plugins.
Preloading 0 native plugins for Editor in 0.00 ms.
Mono: successfully reloaded assembly
- Completed reload, in  1.059 seconds
Platform modules already initialized, skipping
Switching build target platform(5) subTarget(0) extendedPlatform(0) -> platform(13) subTarget(537395200) extendedPlatform(0)
Refreshing native plugins compatible for Editor in 0.90 ms, found 1 plugins.
Preloading 0 native plugins for Editor in 0.00 ms.
Unloading 2776 Unused Serialized files (Serialized files now loaded: 0)
System memory in use before: 119.3 MB.
System memory in use after: 119.4 MB.

Unloading 44 unused Assets to reduce memory usage. Loaded Objects now: 3264.
Total: 2.370800 ms (FindLiveObjects: 0.309400 ms CreateObjectMapping: 0.078000 ms MarkObjects: 1.875000 ms  DeleteObjects: 0.107500 ms)

AssetImportParameters requested are different than current active one (requested -> active):
  custom:graphics/normal-map-encoding: 01000000000000000000000000000000 -> 02000000000000000000000000000000
========================================================================
Received Import Request.
  Time since last request: 1215.113652 seconds.
  path: Assets/Scenes/Game.unity
  artifactKey: Guid(2cda990e2423bbf4892e6590ba056729) Importer(815301076,1909f56bfc062723c751e8b465ee728b)
Start importing Assets/Scenes/Game.unity using Guid(2cda990e2423bbf4892e6590ba056729) Importer(815301076,1909f56bfc062723c751e8b465ee728b)  -> (artifact id: '26832f27dc871191986732bf61064e9c') in 0.013603 seconds
  Import took 0.018253 seconds .

========================================================================
Received Import Request.
  Time since last request: 151.902088 seconds.
  path: Assets/Scenes/Menu.unity
  artifactKey: Guid(8c54d42d11491514ba200074cbff30ba) Importer(815301076,1909f56bfc062723c751e8b465ee728b)
Start importing Assets/Scenes/Menu.unity using Guid(8c54d42d11491514ba200074cbff30ba) Importer(815301076,1909f56bfc062723c751e8b465ee728b)  -> (artifact id: 'deebb563d3ab8cee14a2f95b6940f321') in 0.003112 seconds
  Import took 0.007780 seconds .

========================================================================
Received Prepare
Registering precompiled user dll's ...
Registered in 0.007110 seconds.
Begin MonoManager ReloadAssembly
Native extension for LinuxStandalone target not found
Native extension for WindowsStandalone target not found
Native extension for WebGL target not found
Refreshing native plugins compatible for Editor in 0.91 ms, found 1 plugins.
Preloading 0 native plugins for Editor in 0.00 ms.
Mono: successfully reloaded assembly
- Completed reload, in  1.083 seconds
Platform modules already initialized, skipping
Switching build target platform(5) subTarget(0) extendedPlatform(0) -> platform(13) subTarget(537395200) extendedPlatform(0)
Refreshing native plugins compatible for Editor in 0.93 ms, found 1 plugins.
Preloading 0 native plugins for Editor in 0.00 ms.
Unloading 2776 Unused Serialized files (Serialized files now loaded: 0)
System memory in use before: 119.4 MB.
System memory in use after: 119.4 MB.

Unloading 44 unused Assets to reduce memory usage. Loaded Objects now: 3268.
Total: 2.774200 ms (FindLiveObjects: 0.311400 ms CreateObjectMapping: 0.080200 ms MarkObjects: 2.254100 ms  DeleteObjects: 0.127400 ms)

AssetImportParameters requested are different than current active one (requested -> active):
  custom:graphics/normal-map-encoding: 01000000000000000000000000000000 -> 02000000000000000000000000000000
========================================================================
Received Prepare
Registering precompiled user dll's ...
Registered in 0.006174 seconds.
Begin MonoManager ReloadAssembly
Native extension for LinuxStandalone target not found
Native extension for WindowsStandalone target not found
Native extension for WebGL target not found
Refreshing native plugins compatible for Editor in 0.93 ms, found 1 plugins.
Preloading 0 native plugins for Editor in 0.00 ms.
Mono: successfully reloaded assembly
- Completed reload, in  1.116 seconds
Platform modules already initialized, skipping
Switching build target platform(5) subTarget(0) extendedPlatform(0) -> platform(13) subTarget(537395200) extendedPlatform(0)
Refreshing native plugins compatible for Editor in 0.91 ms, found 1 plugins.
Preloading 0 native plugins for Editor in 0.00 ms.
Unloading 2776 Unused Serialized files (Serialized files now loaded: 0)
System memory in use before: 119.3 MB.
System memory in use after: 119.4 MB.

Unloading 44 unused Assets to reduce memory usage. Loaded Objects now: 3272.
Total: 2.670600 ms (FindLiveObjects: 0.417300 ms CreateObjectMapping: 0.098600 ms MarkObjects: 2.026700 ms  DeleteObjects: 0.127100 ms)

AssetImportParameters requested are different than current active one (requested -> active):
  custom:graphics/normal-map-encoding: 01000000000000000000000000000000 -> 02000000000000000000000000000000
========================================================================
Received Prepare
Registering precompiled user dll's ...
Registered in 0.006355 seconds.
Begin MonoManager ReloadAssembly
Native extension for LinuxStandalone target not found
Native extension for WindowsStandalone target not found
Native extension for WebGL target not found
Refreshing native plugins compatible for Editor in 0.93 ms, found 1 plugins.
Preloading 0 native plugins for Editor in 0.00 ms.
Mono: successfully reloaded assembly
- Completed reload, in  1.140 seconds
Platform modules already initialized, skipping
Switching build target platform(5) subTarget(0) extendedPlatform(0) -> platform(13) subTarget(537395200) extendedPlatform(0)
Refreshing native plugins compatible for Editor in 1.30 ms, found 1 plugins.
Preloading 0 native plugins for Editor in 0.00 ms.
Unloading 2776 Unused Serialized files (Serialized files now loaded: 0)
System memory in use before: 119.4 MB.
System memory in use after: 119.5 MB.

Unloading 44 unused Assets to reduce memory usage. Loaded Objects now: 3276.
Total: 2.456800 ms (FindLiveObjects: 0.343100 ms CreateObjectMapping: 0.083400 ms MarkObjects: 1.894200 ms  DeleteObjects: 0.135100 ms)

AssetImportParameters requested are different than current active one (requested -> active):
  custom:graphics/normal-map-encoding: 01000000000000000000000000000000 -> 02000000000000000000000000000000
========================================================================
Received Prepare
Registering precompiled user dll's ...
Registered in 0.007035 seconds.
Begin MonoManager ReloadAssembly
Native extension for LinuxStandalone target not found
Native extension for WindowsStandalone target not found
Native extension for WebGL target not found
Refreshing native plugins compatible for Editor in 1.00 ms, found 1 plugins.
Preloading 0 native plugins for Editor in 0.00 ms.
Mono: successfully reloaded assembly
- Completed reload, in  1.345 seconds
Platform modules already initialized, skipping
Switching build target platform(5) subTarget(0) extendedPlatform(0) -> platform(13) subTarget(537395200) extendedPlatform(0)
Refreshing native plugins compatible for Editor in 0.90 ms, found 1 plugins.
Preloading 0 native plugins for Editor in 0.00 ms.
Unloading 2776 Unused Serialized files (Serialized files now loaded: 0)
System memory in use before: 119.4 MB.
System memory in use after: 119.5 MB.

Unloading 44 unused Assets to reduce memory usage. Loaded Objects now: 3280.
Total: 2.885800 ms (FindLiveObjects: 0.367900 ms CreateObjectMapping: 0.077900 ms MarkObjects: 2.249000 ms  DeleteObjects: 0.189700 ms)

AssetImportParameters requested are different than current active one (requested -> active):
  custom:graphics/normal-map-encoding: 01000000000000000000000000000000 -> 02000000000000000000000000000000
========================================================================
Received Prepare
Registering precompiled user dll's ...
Registered in 0.006155 seconds.
Begin MonoManager ReloadAssembly
Native extension for LinuxStandalone target not found
Native extension for WindowsStandalone target not found
Native extension for WebGL target not found
Refreshing native plugins compatible for Editor in 0.92 ms, found 1 plugins.
Preloading 0 native plugins for Editor in 0.00 ms.
Mono: successfully reloaded assembly
- Completed reload, in  1.145 seconds
Platform modules already initialized, skipping
Switching build target platform(5) subTarget(0) extendedPlatform(0) -> platform(13) subTarget(537395200) extendedPlatform(0)
Refreshing native plugins compatible for Editor in 0.90 ms, found 1 plugins.
Preloading 0 native plugins for Editor in 0.00 ms.
Unloading 2776 Unused Serialized files (Serialized files now loaded: 0)
System memory in use before: 119.4 MB.
System memory in use after: 119.5 MB.

Unloading 44 unused Assets to reduce memory usage. Loaded Objects now: 3284.
Total: 3.018300 ms (FindLiveObjects: 0.495200 ms CreateObjectMapping: 0.091900 ms MarkObjects: 2.290200 ms  DeleteObjects: 0.139800 ms)

AssetImportParameters requested are different than current active one (requested -> active):
  custom:graphics/normal-map-encoding: 01000000000000000000000000000000 -> 02000000000000000000000000000000
========================================================================
Received Prepare
Registering precompiled user dll's ...
Registered in 0.006324 seconds.
Begin MonoManager ReloadAssembly
Native extension for LinuxStandalone target not found
Native extension for WindowsStandalone target not found
Native extension for WebGL target not found
Refreshing native plugins compatible for Editor in 0.92 ms, found 1 plugins.
Preloading 0 native plugins for Editor in 0.00 ms.
Mono: successfully reloaded assembly
- Completed reload, in  1.135 seconds
Platform modules already initialized, skipping
Switching build target platform(5) subTarget(0) extendedPlatform(0) -> platform(13) subTarget(537395200) extendedPlatform(0)
Refreshing native plugins compatible for Editor in 0.92 ms, found 1 plugins.
Preloading 0 native plugins for Editor in 0.00 ms.
Unloading 2776 Unused Serialized files (Serialized files now loaded: 0)
System memory in use before: 119.4 MB.
System memory in use after: 119.5 MB.

Unloading 44 unused Assets to reduce memory usage. Loaded Objects now: 3288.
Total: 2.641300 ms (FindLiveObjects: 0.337900 ms CreateObjectMapping: 0.076800 ms MarkObjects: 2.044100 ms  DeleteObjects: 0.181300 ms)

AssetImportParameters requested are different than current active one (requested -> active):
  custom:graphics/normal-map-encoding: 01000000000000000000000000000000 -> 02000000000000000000000000000000
========================================================================
Received Prepare
Registering precompiled user dll's ...
Registered in 0.006414 seconds.
Begin MonoManager ReloadAssembly
Native extension for LinuxStandalone target not found
Native extension for WindowsStandalone target not found
Native extension for WebGL target not found
Refreshing native plugins compatible for Editor in 0.89 ms, found 1 plugins.
Preloading 0 native plugins for Editor in 0.00 ms.
Mono: successfully reloaded assembly
- Completed reload, in  1.164 seconds
Platform modules already initialized, skipping
Switching build target platform(5) subTarget(0) extendedPlatform(0) -> platform(13) subTarget(537395200) extendedPlatform(0)
Refreshing native plugins compatible for Editor in 0.91 ms, found 1 plugins.
Preloading 0 native plugins for Editor in 0.00 ms.
Unloading 2776 Unused Serialized files (Serialized files now loaded: 0)
System memory in use before: 119.3 MB.
System memory in use after: 119.4 MB.

Unloading 44 unused Assets to reduce memory usage. Loaded Objects now: 3292.
Total: 2.633600 ms (FindLiveObjects: 0.319500 ms CreateObjectMapping: 0.088500 ms MarkObjects: 2.090500 ms  DeleteObjects: 0.134200 ms)

AssetImportParameters requested are different than current active one (requested -> active):
  custom:graphics/normal-map-encoding: 01000000000000000000000000000000 -> 02000000000000000000000000000000
========================================================================
Received Prepare
Registering precompiled user dll's ...
Registered in 0.006396 seconds.
Begin MonoManager ReloadAssembly
Native extension for LinuxStandalone target not found
Native extension for WindowsStandalone target not found
Native extension for WebGL target not found
Refreshing native plugins compatible for Editor in 0.95 ms, found 1 plugins.
Preloading 0 native plugins for Editor in 0.00 ms.
Mono: successfully reloaded assembly
- Completed reload, in  1.193 seconds
Platform modules already initialized, skipping
Switching build target platform(5) subTarget(0) extendedPlatform(0) -> platform(13) subTarget(537395200) extendedPlatform(0)
Refreshing native plugins compatible for Editor in 0.94 ms, found 1 plugins.
Preloading 0 native plugins for Editor in 0.00 ms.
Unloading 2776 Unused Serialized files (Serialized files now loaded: 0)
System memory in use before: 119.4 MB.
System memory in use after: 119.5 MB.

Unloading 44 unused Assets to reduce memory usage. Loaded Objects now: 3296.
Total: 2.613600 ms (FindLiveObjects: 0.329500 ms CreateObjectMapping: 0.083600 ms MarkObjects: 2.065100 ms  DeleteObjects: 0.134300 ms)

AssetImportParameters requested are different than current active one (requested -> active):
  custom:graphics/normal-map-encoding: 01000000000000000000000000000000 -> 02000000000000000000000000000000
========================================================================
Received Prepare
Registering precompiled user dll's ...
Registered in 0.006109 seconds.
Begin MonoManager ReloadAssembly
Native extension for LinuxStandalone target not found
Native extension for WindowsStandalone target not found
Native extension for WebGL target not found
Refreshing native plugins compatible for Editor in 0.91 ms, found 1 plugins.
Preloading 0 native plugins for Editor in 0.00 ms.
Mono: successfully reloaded assembly
- Completed reload, in  1.275 seconds
Platform modules already initialized, skipping
Switching build target platform(5) subTarget(0) extendedPlatform(0) -> platform(13) subTarget(537395200) extendedPlatform(0)
Refreshing native plugins compatible for Editor in 0.94 ms, found 1 plugins.
Preloading 0 native plugins for Editor in 0.00 ms.
Unloading 2776 Unused Serialized files (Serialized files now loaded: 0)
System memory in use before: 119.5 MB.
System memory in use after: 119.5 MB.

Unloading 44 unused Assets to reduce memory usage. Loaded Objects now: 3300.
Total: 2.472700 ms (FindLiveObjects: 0.329800 ms CreateObjectMapping: 0.072700 ms MarkObjects: 1.943200 ms  DeleteObjects: 0.126000 ms)

AssetImportParameters requested are different than current active one (requested -> active):
  custom:graphics/normal-map-encoding: 01000000000000000000000000000000 -> 02000000000000000000000000000000
========================================================================
Received Prepare
Registering precompiled user dll's ...
Registered in 0.006640 seconds.
Begin MonoManager ReloadAssembly
Native extension for LinuxStandalone target not found
Native extension for WindowsStandalone target not found
Native extension for WebGL target not found
Refreshing native plugins compatible for Editor in 0.93 ms, found 1 plugins.
Preloading 0 native plugins for Editor in 0.00 ms.
Mono: successfully reloaded assembly
- Completed reload, in  1.216 seconds
Platform modules already initialized, skipping
Switching build target platform(5) subTarget(0) extendedPlatform(0) -> platform(13) subTarget(537395200) extendedPlatform(0)
Refreshing native plugins compatible for Editor in 0.89 ms, found 1 plugins.
Preloading 0 native plugins for Editor in 0.00 ms.
Unloading 2776 Unused Serialized files (Serialized files now loaded: 0)
System memory in use before: 119.5 MB.
System memory in use after: 119.6 MB.

Unloading 44 unused Assets to reduce memory usage. Loaded Objects now: 3304.
Total: 2.510200 ms (FindLiveObjects: 0.387600 ms CreateObjectMapping: 0.075600 ms MarkObjects: 1.933700 ms  DeleteObjects: 0.112300 ms)

AssetImportParameters requested are different than current active one (requested -> active):
  custom:graphics/normal-map-encoding: 01000000000000000000000000000000 -> 02000000000000000000000000000000
========================================================================
Received Prepare
Registering precompiled user dll's ...
Registered in 0.006553 seconds.
Begin MonoManager ReloadAssembly
Native extension for LinuxStandalone target not found
Native extension for WindowsStandalone target not found
Native extension for WebGL target not found
Refreshing native plugins compatible for Editor in 0.97 ms, found 1 plugins.
Preloading 0 native plugins for Editor in 0.00 ms.
Mono: successfully reloaded assembly
- Completed reload, in  1.345 seconds
Platform modules already initialized, skipping
Switching build target platform(5) subTarget(0) extendedPlatform(0) -> platform(13) subTarget(537395200) extendedPlatform(0)
Refreshing native plugins compatible for Editor in 1.03 ms, found 1 plugins.
Preloading 0 native plugins for Editor in 0.00 ms.
Unloading 2776 Unused Serialized files (Serialized files now loaded: 0)
System memory in use before: 119.5 MB.
System memory in use after: 119.6 MB.

Unloading 44 unused Assets to reduce memory usage. Loaded Objects now: 3308.
Total: 2.469100 ms (FindLiveObjects: 0.327300 ms CreateObjectMapping: 0.076900 ms MarkObjects: 1.935400 ms  DeleteObjects: 0.127900 ms)

AssetImportParameters requested are different than current active one (requested -> active):
  custom:graphics/normal-map-encoding: 01000000000000000000000000000000 -> 02000000000000000000000000000000
========================================================================
Received Prepare
Registering precompiled user dll's ...
Registered in 0.006816 seconds.
Begin MonoManager ReloadAssembly
Native extension for LinuxStandalone target not found
Native extension for WindowsStandalone target not found
Native extension for WebGL target not found
Refreshing native plugins compatible for Editor in 0.94 ms, found 1 plugins.
Preloading 0 native plugins for Editor in 0.00 ms.
Mono: successfully reloaded assembly
- Completed reload, in  1.266 seconds
Platform modules already initialized, skipping
Switching build target platform(5) subTarget(0) extendedPlatform(0) -> platform(13) subTarget(537395200) extendedPlatform(0)
Refreshing native plugins compatible for Editor in 0.90 ms, found 1 plugins.
Preloading 0 native plugins for Editor in 0.00 ms.
Unloading 2776 Unused Serialized files (Serialized files now loaded: 0)
System memory in use before: 119.4 MB.
System memory in use after: 119.5 MB.

Unloading 44 unused Assets to reduce memory usage. Loaded Objects now: 3312.
Total: 2.563700 ms (FindLiveObjects: 0.285300 ms CreateObjectMapping: 0.079600 ms MarkObjects: 2.041800 ms  DeleteObjects: 0.156100 ms)

AssetImportParameters requested are different than current active one (requested -> active):
  custom:graphics/normal-map-encoding: 01000000000000000000000000000000 -> 02000000000000000000000000000000
========================================================================
Received Import Request.
  Time since last request: 25264.916891 seconds.
  path: Assets/Scripts/Editor
  artifactKey: Guid(17b9cc8d0e7a3e447ad54d151ed351fc) Importer(815301076,1909f56bfc062723c751e8b465ee728b)
Start importing Assets/Scripts/Editor using Guid(17b9cc8d0e7a3e447ad54d151ed351fc) Importer(815301076,1909f56bfc062723c751e8b465ee728b)  -> (artifact id: '97a583b2006714ad3bfba2f9b6b4265e') in 0.007060 seconds
  Import took 0.012031 seconds .

========================================================================
Received Import Request.
  Time since last request: 33.611389 seconds.
  path: Assets/Scripts/Editor/MenuTools.cs
  artifactKey: Guid(6a7091d9f893232418c278cf2320969d) Importer(815301076,1909f56bfc062723c751e8b465ee728b)
Start importing Assets/Scripts/Editor/MenuTools.cs using Guid(6a7091d9f893232418c278cf2320969d) Importer(815301076,1909f56bfc062723c751e8b465ee728b)  -> (artifact id: '858c4eb12712ee5ec3b7f5b3d9963505') in 0.009634 seconds
  Import took 0.014339 seconds .

========================================================================
Received Import Request.
  Time since last request: 0.001561 seconds.
  path: Assets/Scripts/Editor/MenuTools.cs
  artifactKey: Guid(6a7091d9f893232418c278cf2320969d) Importer(815301076,1909f56bfc062723c751e8b465ee728b)
Start importing Assets/Scripts/Editor/MenuTools.cs using Guid(6a7091d9f893232418c278cf2320969d) Importer(815301076,1909f56bfc062723c751e8b465ee728b)  -> (artifact id: '858c4eb12712ee5ec3b7f5b3d9963505') in 0.002958 seconds
  Import took 0.006423 seconds .

========================================================================
Received Prepare
Registering precompiled user dll's ...
Registered in 0.006515 seconds.
Begin MonoManager ReloadAssembly
Native extension for LinuxStandalone target not found
Native extension for WindowsStandalone target not found
Native extension for WebGL target not found
Refreshing native plugins compatible for Editor in 0.97 ms, found 1 plugins.
Preloading 0 native plugins for Editor in 0.00 ms.
Mono: successfully reloaded assembly
- Completed reload, in  1.380 seconds
Platform modules already initialized, skipping
Switching build target platform(5) subTarget(0) extendedPlatform(0) -> platform(13) subTarget(537395200) extendedPlatform(0)
Refreshing native plugins compatible for Editor in 0.89 ms, found 1 plugins.
Preloading 0 native plugins for Editor in 0.00 ms.
Unloading 2777 Unused Serialized files (Serialized files now loaded: 0)
System memory in use before: 119.5 MB.
System memory in use after: 119.6 MB.

Unloading 44 unused Assets to reduce memory usage. Loaded Objects now: 3317.
Total: 2.781000 ms (FindLiveObjects: 0.323000 ms CreateObjectMapping: 0.091500 ms MarkObjects: 2.176000 ms  DeleteObjects: 0.189100 ms)

AssetImportParameters requested are different than current active one (requested -> active):
  custom:graphics/normal-map-encoding: 01000000000000000000000000000000 -> 02000000000000000000000000000000
========================================================================
Received Prepare
Registering precompiled user dll's ...
Registered in 0.006126 seconds.
Begin MonoManager ReloadAssembly
Native extension for LinuxStandalone target not found
Native extension for WindowsStandalone target not found
Native extension for WebGL target not found
Refreshing native plugins compatible for Editor in 0.90 ms, found 1 plugins.
Preloading 0 native plugins for Editor in 0.00 ms.
Mono: successfully reloaded assembly
- Completed reload, in  1.260 seconds
Platform modules already initialized, skipping
Switching build target platform(5) subTarget(0) extendedPlatform(0) -> platform(13) subTarget(537395200) extendedPlatform(0)
Refreshing native plugins compatible for Editor in 0.88 ms, found 1 plugins.
Preloading 0 native plugins for Editor in 0.00 ms.
Unloading 2777 Unused Serialized files (Serialized files now loaded: 0)
System memory in use before: 119.5 MB.
System memory in use after: 119.6 MB.

Unloading 44 unused Assets to reduce memory usage. Loaded Objects now: 3321.
Total: 2.737700 ms (FindLiveObjects: 0.352600 ms CreateObjectMapping: 0.088000 ms MarkObjects: 2.163800 ms  DeleteObjects: 0.131800 ms)

AssetImportParameters requested are different than current active one (requested -> active):
  custom:graphics/normal-map-encoding: 01000000000000000000000000000000 -> 02000000000000000000000000000000
========================================================================
Received Import Request.
  Time since last request: 91.442540 seconds.
  path: Assets/Scripts/Editor/MenuTools.cs
  artifactKey: Guid(6a7091d9f893232418c278cf2320969d) Importer(815301076,1909f56bfc062723c751e8b465ee728b)
Start importing Assets/Scripts/Editor/MenuTools.cs using Guid(6a7091d9f893232418c278cf2320969d) Importer(815301076,1909f56bfc062723c751e8b465ee728b)  -> (artifact id: '0d840fbfafc49badc7255afd2b864f62') in 0.006094 seconds
  Import took 0.010548 seconds .

========================================================================
Received Import Request.
  Time since last request: 0.010117 seconds.
  path: Assets/Scripts/Editor/MenuTools.cs
  artifactKey: Guid(6a7091d9f893232418c278cf2320969d) Importer(815301076,1909f56bfc062723c751e8b465ee728b)
Start importing Assets/Scripts/Editor/MenuTools.cs using Guid(6a7091d9f893232418c278cf2320969d) Importer(815301076,1909f56bfc062723c751e8b465ee728b)  -> (artifact id: '0d840fbfafc49badc7255afd2b864f62') in 0.002952 seconds
  Import took 0.008039 seconds .

========================================================================
Received Prepare
Registering precompiled user dll's ...
Registered in 0.006270 seconds.
Begin MonoManager ReloadAssembly
Native extension for LinuxStandalone target not found
Native extension for WindowsStandalone target not found
Native extension for WebGL target not found
Refreshing native plugins compatible for Editor in 0.94 ms, found 1 plugins.
Preloading 0 native plugins for Editor in 0.00 ms.
Mono: successfully reloaded assembly
- Completed reload, in  1.335 seconds
Platform modules already initialized, skipping
Switching build target platform(5) subTarget(0) extendedPlatform(0) -> platform(13) subTarget(537395200) extendedPlatform(0)
Refreshing native plugins compatible for Editor in 1.43 ms, found 1 plugins.
Preloading 0 native plugins for Editor in 0.00 ms.
Unloading 2777 Unused Serialized files (Serialized files now loaded: 0)
System memory in use before: 119.5 MB.
System memory in use after: 119.6 MB.

Unloading 44 unused Assets to reduce memory usage. Loaded Objects now: 3325.
Total: 2.751900 ms (FindLiveObjects: 0.445200 ms CreateObjectMapping: 0.108700 ms MarkObjects: 2.055800 ms  DeleteObjects: 0.141300 ms)

AssetImportParameters requested are different than current active one (requested -> active):
  custom:graphics/normal-map-encoding: 01000000000000000000000000000000 -> 02000000000000000000000000000000
========================================================================
Received Prepare
Registering precompiled user dll's ...
Registered in 0.006378 seconds.
Begin MonoManager ReloadAssembly
Native extension for LinuxStandalone target not found
Native extension for WindowsStandalone target not found
Native extension for WebGL target not found
Refreshing native plugins compatible for Editor in 0.92 ms, found 1 plugins.
Preloading 0 native plugins for Editor in 0.00 ms.
Mono: successfully reloaded assembly
- Completed reload, in  1.331 seconds
Platform modules already initialized, skipping
Switching build target platform(5) subTarget(0) extendedPlatform(0) -> platform(13) subTarget(537395200) extendedPlatform(0)
Refreshing native plugins compatible for Editor in 0.94 ms, found 1 plugins.
Preloading 0 native plugins for Editor in 0.00 ms.
Unloading 2777 Unused Serialized files (Serialized files now loaded: 0)
System memory in use before: 119.6 MB.
System memory in use after: 119.7 MB.

Unloading 44 unused Assets to reduce memory usage. Loaded Objects now: 3329.
Total: 2.447800 ms (FindLiveObjects: 0.318500 ms CreateObjectMapping: 0.074900 ms MarkObjects: 1.929400 ms  DeleteObjects: 0.124000 ms)

AssetImportParameters requested are different than current active one (requested -> active):
  custom:graphics/normal-map-encoding: 01000000000000000000000000000000 -> 02000000000000000000000000000000
========================================================================
Received Import Request.
  Time since last request: 1376.329898 seconds.
  path: Assets/Scripts/Editor/MenuTools.cs
  artifactKey: Guid(6a7091d9f893232418c278cf2320969d) Importer(815301076,1909f56bfc062723c751e8b465ee728b)
Start importing Assets/Scripts/Editor/MenuTools.cs using Guid(6a7091d9f893232418c278cf2320969d) Importer(815301076,1909f56bfc062723c751e8b465ee728b)  -> (artifact id: '4dfb062a070381f54e3058ed386e6958') in 0.006148 seconds
  Import took 0.010030 seconds .

AssetImportWorkerClient::OnTransportError - code=2 error=End of file
